make all --print-data-base --no-builtin-variables --no-builtin-rules --question
make: *** No rule to make target 'all'.  Stop.

# GNU Make 4.2.1
# Built for x86_64-pc-linux-gnu
# Copyright (C) 1988-2016 Free Software Foundation, Inc.
# License GPLv3+: GNU GPL version 3 or later <http://gnu.org/licenses/gpl.html>
# This is free software: you are free to change and redistribute it.
# There is NO WARRANTY, to the extent permitted by law.

# Make data base, printed on Tue Jul 19 11:28:51 2022

# Variables

# 'override' directive
GNUMAKEFLAGS := 
# automatic
<D = $(patsubst %/,%,$(dir $<))
# automatic
?F = $(notdir $?)
# environment
DESKTOP_SESSION = ubuntu
# default
.SHELLFLAGS := -c
# environment
PROVIDE_FULLSTACK_ACTION = true
# environment
XDG_SESSION_CLASS = user
# environment
SNAP_COMMON = /var/snap/code/common
# environment
XDG_SESSION_TYPE = x11
# automatic
?D = $(patsubst %/,%,$(dir $?))
# environment
IM_CONFIG_PHASE = 1
# automatic
@D = $(patsubst %/,%,$(dir $@))
# environment
XAUTHORITY = /run/user/224399260/gdm/Xauthority
# environment
GDMSESSION = ubuntu
# environment
XMODIFIERS = @im=ibus
# makefile
CURDIR := /home/amandak/Documents/sbp-serverless-blueprint
# makefile (from 'Makefile', line 19)
SHELL := /usr/bin/env bash
# environment
SNAP_DATA = /var/snap/code/102
# environment
VSCODE_NLS_CONFIG = {"locale":"en-us","availableLanguages":{},"_languagePackSupport":true}
# environment
JOURNAL_STREAM = 8:71752
# environment
XDG_CONFIG_DIRS = /etc/xdg/xdg-ubuntu:/etc/xdg
# environment
SNAP_INSTANCE_NAME = code
# environment
SNAP_ARCH = amd64
# makefile (from 'Makefile', line 1)
MAKEFILE_LIST :=  Makefile
# automatic
@F = $(notdir $@)
# environment
GIO_LAUNCHED_DESKTOP_FILE = /var/lib/snapd/desktop/applications/code_code.desktop
# environment
USERNAME = CIANDT\amandak
# environment
MAKELEVEL := 0
# environment
MANDATORY_PATH = /usr/share/gconf/ubuntu.mandatory.path
# environment
XDG_DATA_DIRS = /usr/share/ubuntu:/usr/local/share/:/usr/share/:/var/lib/snapd/desktop
# environment
DBUS_SESSION_BUS_ADDRESS = unix:path=/run/user/224399260/bus
# environment
_ = /snap/code/102/usr/share/code/code
# environment
LC_CTYPE = pt_BR.UTF-8
# environment
MANAGERPID = 2849
# environment
LESSOPEN = | /usr/bin/lesspipe %s
# environment
LC_NAME = pt_BR.UTF-8
# environment
VSCODE_CWD = /home/amandak
# environment
GSETTINGS_SCHEMA_DIR = /snap/code/102/usr/share/glib-2.0/schemas
# default
MAKE_HOST := x86_64-pc-linux-gnu
# environment
PATH = /home/amandak/.local/bin:/home/amandak/.local/bin:/usr/local/sbin:/usr/local/bin:/usr/sbin:/usr/bin:/sbin:/bin:/usr/games:/usr/local/games:/snap/bin
# makefile (from 'Makefile', line 23)
REGISTRY_URL := gcr.io/cloud-foundation-cicd
# environment
GPG_AGENT_INFO = /run/user/224399260/gnupg/S.gpg-agent:0:1
# environment
GOLANG_EXECUTABLE = go
# environment
SESSION_MANAGER = local/lnb029283bhz:@/tmp/.ICE-unix/3111,unix/lnb029283bhz:/tmp/.ICE-unix/3111
# environment
XDG_RUNTIME_DIR = /run/user/224399260
# environment
GDK_PIXBUF_MODULE_FILE = /home/amandak/snap/code/common/.cache/gdk-pixbuf-loaders.cache
# environment
SNAP = /snap/code/102
# environment
THREE_SCALE_USER_TOKEN = 207c527cfc2a6b8dcf4fa43ad7a976da
# environment
SNAP_VERSION = 3b889b09
# environment
XDG_MENU_PREFIX = gnome-
# environment
DISABLE_WAYLAND = 1
# environment
ELECTRON_RUN_AS_NODE = 1
# environment
INVOCATION_ID = 02e4ca02f551463cbb2e516a8b671c33
# environment
GDK_PIXBUF_MODULEDIR = /snap/code/102/usr/lib/x86_64-linux-gnu/gdk-pixbuf-2.0/2.10.0/loaders
# default
.FEATURES := target-specific order-only second-expansion else-if shortest-stem undefine oneshell archives jobserver output-sync check-symlink load
# environment
UUID = 0e545c2e-bbb3-4a57-817e-119e75da1817
# environment
LS_COLORS = 
# environment
XDG_SESSION_DESKTOP = ubuntu
# environment
SSH_AUTH_SOCK = /run/user/224399260/keyring/ssh
# environment
GIO_LAUNCHED_DESKTOP_FILE_PID = 7477
# automatic
%F = $(notdir $%)
# environment
DISPLAY = :0
# environment
SNAP_INSTANCE_KEY = 
# environment
PWD = /home/amandak/Documents/sbp-serverless-blueprint
# default
.LOADED := 
# environment
SSH_AGENT_PID = 3043
# environment
ORIGINAL_XDG_CURRENT_DESKTOP = ubuntu:GNOME
# environment
GTK_MODULES = gail:atk-bridge
# environment
VSCODE_AMD_ENTRYPOINT = vs/workbench/api/node/extensionHostProcess
# environment
HOME = /home/amandak
# environment
LESSCLOSE = /usr/bin/lesspipe %s %s
# environment
VSCODE_CLI = 1
# environment
VSCODE_CODE_CACHE_PATH = /home/amandak/.config/Code/CachedData/3b889b090b5ad5793f524b5d1d39fda662b96a2a
# environment
LOGNAME = CIANDT\amandak
# environment
APPLICATION_INSIGHTS_NO_DIAGNOSTIC_CHANNEL = 1
# environment
SNAP_LIBRARY_PATH = /var/lib/snapd/lib/gl:/var/lib/snapd/lib/gl32:/var/lib/snapd/void
# environment
SNAP_CONTEXT = F5a7AKqjID_FUspgzfy87khZydQeX6_wb6XpxrxT3qojj2rFiGpo
# automatic
+F = $(notdir $+)
# environment
TELEMETRY_ID = 80fd527f-f78e-426d-a678-a911114b293d
# environment
ELECTRON_NO_ATTACH_CONSOLE = 1
# environment
SNAP_USER_COMMON = /home/amandak/snap/code/common
# environment
VSCODE_HANDLES_UNCAUGHT_ERRORS = true
# environment
GNOME_DESKTOP_SESSION_ID = this-is-deprecated
# automatic
^D = $(patsubst %/,%,$(dir $^))
# environment
LC_TIME = pt_BR.UTF-8
# environment
SNAP_REAL_HOME = /home/amandak
# default
MAKE = $(MAKE_COMMAND)
# default
MAKECMDGOALS := all
# environment
QT_IM_MODULE = ibus
# environment
SNAP_USER_DATA = /home/amandak/snap/code/102
# environment
SHLVL = 0
# environment
GNOME_SHELL_SESSION_MODE = ubuntu
# default
MAKE_VERSION := 4.2.1
# environment
USER = CIANDT\amandak
# environment
SNAP_REVISION = 102
# environment
LC_MONETARY = pt_BR.UTF-8
# makefile
.DEFAULT_GOAL := docker_test_lint
# environment
XDG_CURRENT_DESKTOP = Unity
# automatic
%D = $(patsubst %/,%,$(dir $%))
# environment
LC_TELEPHONE = pt_BR.UTF-8
# makefile (from 'Makefile', line 21)
DOCKER_TAG_VERSION_DEVELOPER_TOOLS := 1.3
# default
MAKE_COMMAND := make
# environment
UTM_SOURCE = vscode
# default
.VARIABLES := 
# automatic
*F = $(notdir $*)
# environment
VSCODE_IPC_HOOK = /run/user/224399260/vscode-aa073cb1-1.69.2-main.sock
# environment
BAMF_DESKTOP_FILE_HINT = /var/lib/snapd/desktop/applications/code_code.desktop
# makefile
MAKEFLAGS = pqrR
# environment
MFLAGS = -pqrR
# automatic
*D = $(patsubst %/,%,$(dir $*))
# automatic
+D = $(patsubst %/,%,$(dir $+))
# environment
RECOMMENDER_API_URL = https://gw.api.openshift.io//api/v2
# environment
GDK_BACKEND = x11
# environment
LC_PAPER = pt_BR.UTF-8
# environment
LC_IDENTIFICATION = pt_BR.UTF-8
# environment
QT_ACCESSIBILITY = 1
# environment
DEFAULTS_PATH = /usr/share/gconf/ubuntu.default.path
# default
MAKEFILES := 
# environment
SNAP_COOKIE = F5a7AKqjID_FUspgzfy87khZydQeX6_wb6XpxrxT3qojj2rFiGpo
# environment
LC_NUMERIC = pt_BR.UTF-8
# automatic
<F = $(notdir $<)
# environment
PS1 = \u@\h \[\033[32m\]\w\[\033[33m\]$(parse_git_branch)\[\033[00m\] $ 
# environment
LC_MEASUREMENT = pt_BR.UTF-8
# makefile (from 'Makefile', line 22)
DOCKER_IMAGE_DEVELOPER_TOOLS := cft/developer-tools
# environment
SNAP_NAME = code
# environment
LC_ALL = C
# environment
GJS_DEBUG_TOPICS = JS ERROR;JS LOG
# automatic
^F = $(notdir $^)
# default
SUFFIXES := 
# environment
SNAP_REEXEC = 
# environment
CHROME_DESKTOP = code-url-handler.desktop
# environment
WINDOWPATH = 2
# default
.INCLUDE_DIRS = /usr/include /usr/local/include /usr/include
# environment
GJS_DEBUG_OUTPUT = stderr
 
# default
.RECIPEPREFIX := 
# environment
LC_ADDRESS = pt_BR.UTF-8
# environment
LANG = C
# environment
VSCODE_PID = 7591
# variable set hash-table stats:
# Load=138/1024=13%, Rehash=0, Collisions=25/164=15%

# Pattern-specific Variable Values

# No pattern-specific variable values.

# Directories

# . (device 64769, inode 4457899): 14 files, no impossibilities.

# 14 files, no impossibilities in 1 directories.

# Implicit Rules

# No implicit rules.

# Files

docker_test_integration:
#  Phony target (prerequisite of .PHONY).
#  Implicit rule search has not been done.
#  File does not exist.
#  File has not been updated.
#  recipe to execute (from 'Makefile', line 89):
	docker run --rm -it \
		-e SERVICE_ACCOUNT_JSON \
		-v "$(CURDIR)":/workspace \
		$(REGISTRY_URL)/${DOCKER_IMAGE_DEVELOPER_TOOLS}:${DOCKER_TAG_VERSION_DEVELOPER_TOOLS} \
		/usr/local/bin/test_integration.sh

# Not a target:
all:
#  Command line target.
#  Implicit rule search has been done.
#  File does not exist.
#  File has not been updated.

.PHONY: docker_test_lint docker_generate_docs generate_docs docker_run docker_test_prepare docker_test_cleanup docker_test_integration
#  Implicit rule search has not been done.
#  Modification time never checked.
#  File has not been updated.

docker_test_lint:
#  Phony target (prerequisite of .PHONY).
#  Implicit rule search has not been done.
#  File does not exist.
#  File has not been updated.
#  recipe to execute (from 'Makefile', line 28):
	docker run --rm -it \
		-e ENABLE_PARALLEL=1 \
		-e EXCLUDE_LINT_DIRS \
		-v $(CURDIR):/workspace \
		$(REGISTRY_URL)/${DOCKER_IMAGE_DEVELOPER_TOOLS}:${DOCKER_TAG_VERSION_DEVELOPER_TOOLS} \
		/usr/local/bin/test_lint.sh

docker_generate_docs:
#  Phony target (prerequisite of .PHONY).
#  Implicit rule search has not been done.
#  File does not exist.
#  File has not been updated.
#  recipe to execute (from 'Makefile', line 38):
	docker run --rm -it \
		-v $(CURDIR):/workspace \
		$(REGISTRY_URL)/${DOCKER_IMAGE_DEVELOPER_TOOLS}:${DOCKER_TAG_VERSION_DEVELOPER_TOOLS} \
		/bin/bash -c 'source /usr/local/bin/task_helper_functions.sh && generate_docs'

docker_test_cleanup:
#  Phony target (prerequisite of .PHONY).
#  Implicit rule search has not been done.
#  File does not exist.
#  File has not been updated.
#  recipe to execute (from 'Makefile', line 77):
	docker run --rm -it \
		-e SERVICE_ACCOUNT_JSON \
		-e TF_VAR_org_id \
		-e TF_VAR_folder_id \
		-e TF_VAR_billing_account \
		-v "$(CURDIR)":/workspace \
		$(REGISTRY_URL)/${DOCKER_IMAGE_DEVELOPER_TOOLS}:${DOCKER_TAG_VERSION_DEVELOPER_TOOLS} \
		/usr/local/bin/execute_with_credentials.sh cleanup_environment

# Not a target:
Makefile:
#  Implicit rule search has been done.
#  Last modified 2022-07-12 17:29:06.371086322
#  File has been updated.
#  Successfully updated.

# Not a target:
.DEFAULT:
#  Implicit rule search has not been done.
#  Modification time never checked.
#  File has not been updated.

docker_run:
#  Phony target (prerequisite of .PHONY).
#  Implicit rule search has not been done.
#  File does not exist.
#  File has not been updated.
#  recipe to execute (from 'Makefile', line 50):
	docker run --rm -it \
		-e SERVICE_ACCOUNT_JSON \
		-e TF_VAR_org_id \
		-e TF_VAR_folder_id \
		-e TF_VAR_billing_account \
		-e TF_VAR_group_email \
		-e TF_VAR_domain_to_allow \
		-v "$(CURDIR)":/workspace \
		$(REGISTRY_URL)/${DOCKER_IMAGE_DEVELOPER_TOOLS}:${DOCKER_TAG_VERSION_DEVELOPER_TOOLS} \
		/bin/bash

generate_docs: docker_generate_docs
#  Phony target (prerequisite of .PHONY).
#  Implicit rule search has not been done.
#  File does not exist.
#  File has not been updated.

docker_test_prepare:
#  Phony target (prerequisite of .PHONY).
#  Implicit rule search has not been done.
#  File does not exist.
#  File has not been updated.
#  recipe to execute (from 'Makefile', line 64):
	docker run --rm -it \
		-e SERVICE_ACCOUNT_JSON \
		-e TF_VAR_org_id \
		-e TF_VAR_folder_id \
		-e TF_VAR_billing_account \
		-e TF_VAR_group_email \
		-v "$(CURDIR)":/workspace \
		$(REGISTRY_URL)/${DOCKER_IMAGE_DEVELOPER_TOOLS}:${DOCKER_TAG_VERSION_DEVELOPER_TOOLS} \
		/usr/local/bin/execute_with_credentials.sh prepare_environment

# files hash-table stats:
# Load=12/1024=1%, Rehash=0, Collisions=4/43=9%
# VPATH Search Paths

# No 'vpath' search paths.

# No general ('VPATH' variable) search path.

# strcache buffers: 1 (0) / strings = 27 / storage = 313 B / avg = 11 B
# current buf: size = 8162 B / used = 313 B / count = 27 / avg = 11 B

# strcache performance: lookups = 59 / hit rate = 54%
# hash-table stats:
# Load=27/8192=0%, Rehash=0, Collisions=1/59=2%
# Finished Make data base on Tue Jul 19 11:28:51 2022

 
